<?xml version="1.0" encoding="UTF-8"?>
<!-- Generated by org.testng.reporters.JUnitXMLReporter -->
<testsuite hostname="NLSPLLBI0056" name="Default test" tests="4" failures="0" timestamp="13 Oct 2015 08:11:31 GMT" time="32.233" errors="0">
  <testcase name="testSearch" time="3.342" classname="org.orgselenium.indeed.tests.IndeedSearchTest"/>
  <testcase name="testSearch" time="3.14" classname="org.orgselenium.indeed.tests.IndeedSearchTest"/>
  <testcase name="testSearch" time="3.16" classname="org.orgselenium.indeed.tests.IndeedSearchTest"/>
  <testcase name="testSearch" time="4.158" classname="org.orgselenium.indeed.tests.IndeedSearchTest"/>
</testsuite> <!-- Default test -->
