<?xml version="1.0" encoding="UTF-8"?>
<!-- Generated by org.testng.reporters.JUnitXMLReporter -->
<testsuite hostname="NLSPLLBI0056" name="Default test" tests="5" failures="0" timestamp="19 Oct 2015 19:39:50 GMT" time="34.555" errors="0">
  <testcase name="testSearch" time="3.313" classname="org.orgselenium.indeed.tests.IndeedSearchTest"/>
  <testcase name="testSearch" time="3.465" classname="org.orgselenium.indeed.tests.IndeedSearchTest"/>
  <testcase name="testSearch" time="2.877" classname="org.orgselenium.indeed.tests.IndeedSearchTest"/>
  <testcase name="testSearch" time="3.212" classname="org.orgselenium.indeed.tests.IndeedSearchTest"/>
  <testcase name="testSearch" time="3.92" classname="org.orgselenium.indeed.tests.IndeedSearchTest"/>
</testsuite> <!-- Default test -->
