<?xml version="1.0" encoding="UTF-8" ?>
<testsuite failures="0" time="13.958" errors="0" skipped="0" tests="4" name="org.orgselenium.indeed.tests.IndeedSearchTest">
  <properties>
[...]
</properties>
  <testcase time="5.02" classname="org.orgselenium.indeed.tests.IndeedSearchTest" name="testSearch"/>
  <testcase time="3.097" classname="org.orgselenium.indeed.tests.IndeedSearchTest" name="testSearch"/>
  <testcase time="2.962" classname="org.orgselenium.indeed.tests.IndeedSearchTest" name="testSearch"/>
  <testcase time="2.879" classname="org.orgselenium.indeed.tests.IndeedSearchTest" name="testSearch"/>
</testsuite>