<?xml version="1.0" encoding="UTF-8"?>
<!-- Generated by org.testng.reporters.JUnitXMLReporter -->
<testsuite hostname="NLSPLLBI0056" name="Command line test" tests="4" failures="0" timestamp="13 Oct 2015 08:37:24 GMT" time="57.647" errors="0">
  <testcase name="testSearch" time="5.019" classname="org.orgselenium.indeed.tests.IndeedSearchTest"/>
  <testcase name="testSearch" time="3.097" classname="org.orgselenium.indeed.tests.IndeedSearchTest"/>
  <testcase name="testSearch" time="2.962" classname="org.orgselenium.indeed.tests.IndeedSearchTest"/>
  <testcase name="testSearch" time="2.879" classname="org.orgselenium.indeed.tests.IndeedSearchTest"/>
</testsuite> <!-- Command line test -->
