<?xml version="1.0" encoding="UTF-8"?>
<testng-results skipped="0" failed="0" total="4" passed="4">
  <reporter-output>
  </reporter-output>
  <suite name="Default suite" duration-ms="80992" started-at="2015-10-19T13:02:13Z" finished-at="2015-10-19T13:03:34Z">
    <groups>
    </groups>
    <test name="Default test" duration-ms="80992" started-at="2015-10-19T13:02:13Z" finished-at="2015-10-19T13:03:34Z">
      <class name="org.orgselenium.indeed.tests.IndeedSearchTest">
        <test-method status="PASS" signature="beforeClass()[pri:0, instance:org.orgselenium.indeed.tests.IndeedSearchTest@6db911d2]" name="beforeClass" is-config="true" duration-ms="5117" started-at="2015-10-19T15:02:13Z" finished-at="2015-10-19T15:02:18Z">
          <reporter-output>
          </reporter-output>
        </test-method> <!-- beforeClass -->
        <test-method status="PASS" signature="testSearch(java.lang.String, java.lang.String)[pri:0, instance:org.orgselenium.indeed.tests.IndeedSearchTest@6db911d2]" name="testSearch" duration-ms="25895" started-at="2015-10-19T15:02:18Z" data-provider="testData" finished-at="2015-10-19T15:02:44Z">
          <params>
            <param index="0">
              <value>
                <![CDATA[Selenium tester]]>
              </value>
            </param>
            <param index="1">
              <value>
                <![CDATA[Amsterdam]]>
              </value>
            </param>
          </params>
          <reporter-output>
          </reporter-output>
        </test-method> <!-- testSearch -->
        <test-method status="PASS" signature="afterClass()[pri:0, instance:org.orgselenium.indeed.tests.IndeedSearchTest@6db911d2]" name="afterClass" is-config="true" duration-ms="279" started-at="2015-10-19T15:02:44Z" finished-at="2015-10-19T15:02:45Z">
          <reporter-output>
          </reporter-output>
        </test-method> <!-- afterClass -->
        <test-method status="PASS" signature="beforeClass()[pri:0, instance:org.orgselenium.indeed.tests.IndeedSearchTest@6db911d2]" name="beforeClass" is-config="true" duration-ms="4234" started-at="2015-10-19T15:02:45Z" finished-at="2015-10-19T15:02:49Z">
          <reporter-output>
          </reporter-output>
        </test-method> <!-- beforeClass -->
        <test-method status="PASS" signature="testSearch(java.lang.String, java.lang.String)[pri:0, instance:org.orgselenium.indeed.tests.IndeedSearchTest@6db911d2]" name="testSearch" duration-ms="4428" started-at="2015-10-19T15:02:49Z" data-provider="testData" finished-at="2015-10-19T15:02:53Z">
          <params>
            <param index="0">
              <value>
                <![CDATA[SoapUI]]>
              </value>
            </param>
            <param index="1">
              <value>
                <![CDATA[Amsterdam]]>
              </value>
            </param>
          </params>
          <reporter-output>
          </reporter-output>
        </test-method> <!-- testSearch -->
        <test-method status="PASS" signature="afterClass()[pri:0, instance:org.orgselenium.indeed.tests.IndeedSearchTest@6db911d2]" name="afterClass" is-config="true" duration-ms="198" started-at="2015-10-19T15:02:53Z" finished-at="2015-10-19T15:02:53Z">
          <reporter-output>
          </reporter-output>
        </test-method> <!-- afterClass -->
        <test-method status="PASS" signature="beforeClass()[pri:0, instance:org.orgselenium.indeed.tests.IndeedSearchTest@6db911d2]" name="beforeClass" is-config="true" duration-ms="8772" started-at="2015-10-19T15:02:53Z" finished-at="2015-10-19T15:03:02Z">
          <reporter-output>
          </reporter-output>
        </test-method> <!-- beforeClass -->
        <test-method status="PASS" signature="testSearch(java.lang.String, java.lang.String)[pri:0, instance:org.orgselenium.indeed.tests.IndeedSearchTest@6db911d2]" name="testSearch" duration-ms="21770" started-at="2015-10-19T15:03:02Z" data-provider="testData" finished-at="2015-10-19T15:03:24Z">
          <params>
            <param index="0">
              <value>
                <![CDATA[Cucumber tester]]>
              </value>
            </param>
            <param index="1">
              <value>
                <![CDATA[Amsterdam]]>
              </value>
            </param>
          </params>
          <reporter-output>
          </reporter-output>
        </test-method> <!-- testSearch -->
        <test-method status="PASS" signature="afterClass()[pri:0, instance:org.orgselenium.indeed.tests.IndeedSearchTest@6db911d2]" name="afterClass" is-config="true" duration-ms="141" started-at="2015-10-19T15:03:24Z" finished-at="2015-10-19T15:03:24Z">
          <reporter-output>
          </reporter-output>
        </test-method> <!-- afterClass -->
        <test-method status="PASS" signature="beforeClass()[pri:0, instance:org.orgselenium.indeed.tests.IndeedSearchTest@6db911d2]" name="beforeClass" is-config="true" duration-ms="3645" started-at="2015-10-19T15:03:24Z" finished-at="2015-10-19T15:03:28Z">
          <reporter-output>
          </reporter-output>
        </test-method> <!-- beforeClass -->
        <test-method status="PASS" signature="testSearch(java.lang.String, java.lang.String)[pri:0, instance:org.orgselenium.indeed.tests.IndeedSearchTest@6db911d2]" name="testSearch" duration-ms="6298" started-at="2015-10-19T15:03:28Z" data-provider="testData" finished-at="2015-10-19T15:03:34Z">
          <params>
            <param index="0">
              <value>
                <![CDATA[Mobile tester]]>
              </value>
            </param>
            <param index="1">
              <value>
                <![CDATA[Amsterdam]]>
              </value>
            </param>
          </params>
          <reporter-output>
          </reporter-output>
        </test-method> <!-- testSearch -->
        <test-method status="PASS" signature="afterClass()[pri:0, instance:org.orgselenium.indeed.tests.IndeedSearchTest@6db911d2]" name="afterClass" is-config="true" duration-ms="201" started-at="2015-10-19T15:03:34Z" finished-at="2015-10-19T15:03:34Z">
          <reporter-output>
          </reporter-output>
        </test-method> <!-- afterClass -->
      </class> <!-- org.orgselenium.indeed.tests.IndeedSearchTest -->
    </test> <!-- Default test -->
  </suite> <!-- Default suite -->
</testng-results>
